Compilación iniciada a las 15/03/2018 19:12:35.
     1>Proyecto "D:\Universidad\4º Curso\Segundo cuatrimestre\Ampliación de programación avanzada\Laboratorio\PL1\Block_ToyBlast_BLOQUES\Block_ToyBlast_BLOQUES\Block_ToyBlast_BLOQUES.vcxproj" en el nodo 2 (Build destinos).
     1>AddCudaCompileDeps:
         C:\Program Files (x86)\Microsoft Visual Studio 12.0\VC\bin\cl.exe /E /nologo /showIncludes /TP /D__CUDACC__ /DWIN32 /D_DEBUG /D_CONSOLE /D_MBCS /I"C:\Program Files\NVIDIA GPU Computing Toolkit\CUDA\v8.0\include" /I"C:\Program Files\NVIDIA GPU Computing Toolkit\CUDA\v8.0\bin" /I"C:\Program Files\NVIDIA GPU Computing Toolkit\CUDA\v8.0\include" /I. /FIcuda_runtime.h /c "D:\Universidad\4º Curso\Segundo cuatrimestre\Ampliación de programación avanzada\Laboratorio\PL1\Block_ToyBlast_BLOQUES\Block_ToyBlast_BLOQUES\kernel.cu" 
     1>El proyecto "D:\Universidad\4º Curso\Segundo cuatrimestre\Ampliación de programación avanzada\Laboratorio\PL1\Block_ToyBlast_BLOQUES\Block_ToyBlast_BLOQUES\Block_ToyBlast_BLOQUES.vcxproj" (1) está compilando "D:\Universidad\4º Curso\Segundo cuatrimestre\Ampliación de programación avanzada\Laboratorio\PL1\Block_ToyBlast_BLOQUES\Block_ToyBlast_BLOQUES\Block_ToyBlast_BLOQUES.vcxproj" (1:2) en el nodo 2 (CudaBuildCore destinos).
     1>CudaBuildCore:
         Compiling CUDA source file kernel.cu...
         cmd.exe /C "C:\Users\Rodrigo\AppData\Local\Temp\tmpb3eb0e17628346bc8ff8be898b3d717c.cmd"
         "C:\Program Files\NVIDIA GPU Computing Toolkit\CUDA\v8.0\bin\nvcc.exe" -gencode=arch=compute_20,code=\"sm_20,compute_20\" --use-local-env --cl-version 2013 -ccbin "C:\Program Files (x86)\Microsoft Visual Studio 12.0\VC\bin"  -I"C:\Program Files\NVIDIA GPU Computing Toolkit\CUDA\v8.0\include" -I"C:\Program Files\NVIDIA GPU Computing Toolkit\CUDA\v8.0\include"  -G   --keep-dir Debug -maxrregcount=0  --machine 32 --compile -cudart static  -g   -DWIN32 -D_DEBUG -D_CONSOLE -D_MBCS -Xcompiler "/EHsc /W3 /nologo /Od /FS /Zi /RTC1 /MDd " -o Debug\kernel.cu.obj "D:\Universidad\4º Curso\Segundo cuatrimestre\Ampliación de programación avanzada\Laboratorio\PL1\Block_ToyBlast_BLOQUES\Block_ToyBlast_BLOQUES\kernel.cu"
         
         D:\Universidad\4º Curso\Segundo cuatrimestre\Ampliación de programación avanzada\Laboratorio\PL1\Block_ToyBlast_BLOQUES\Block_ToyBlast_BLOQUES>"C:\Program Files\NVIDIA GPU Computing Toolkit\CUDA\v8.0\bin\nvcc.exe" -gencode=arch=compute_20,code=\"sm_20,compute_20\" --use-local-env --cl-version 2013 -ccbin "C:\Program Files (x86)\Microsoft Visual Studio 12.0\VC\bin"  -I"C:\Program Files\NVIDIA GPU Computing Toolkit\CUDA\v8.0\include" -I"C:\Program Files\NVIDIA GPU Computing Toolkit\CUDA\v8.0\include"  -G   --keep-dir Debug -maxrregcount=0  --machine 32 --compile -cudart static  -g   -DWIN32 -D_DEBUG -D_CONSOLE -D_MBCS -Xcompiler "/EHsc /W3 /nologo /Od /FS /Zi /RTC1 /MDd " -o Debug\kernel.cu.obj "D:\Universidad\4º Curso\Segundo cuatrimestre\Ampliación de programación avanzada\Laboratorio\PL1\Block_ToyBlast_BLOQUES\Block_ToyBlast_BLOQUES\kernel.cu" 
     1>D:/Universidad/4║ Curso/Segundo cuatrimestre/Ampliaci¾n de programaci¾n avanzada/Laboratorio/PL1/Block_ToyBlast_BLOQUES/Block_ToyBlast_BLOQUES/kernel.cu(43): warning : variable "hilos_max" was declared but never referenced
     1>D:/Universidad/4║ Curso/Segundo cuatrimestre/Ampliaci¾n de programaci¾n avanzada/Laboratorio/PL1/Block_ToyBlast_BLOQUES/Block_ToyBlast_BLOQUES/kernel.cu(465): warning : transfer of control bypasses initialization of:
     1>D:/Universidad/4║ Curso/Segundo cuatrimestre/Ampliaci¾n de programaci¾n avanzada/Laboratorio/PL1/Block_ToyBlast_BLOQUES/Block_ToyBlast_BLOQUES/kernel.cu(43): warning : variable "hilos_max" was declared but never referenced
     1>D:/Universidad/4║ Curso/Segundo cuatrimestre/Ampliaci¾n de programaci¾n avanzada/Laboratorio/PL1/Block_ToyBlast_BLOQUES/Block_ToyBlast_BLOQUES/kernel.cu(465): warning : transfer of control bypasses initialization of:
     1>CUDACOMPILE : ptxas warning : Stack size for entry function '_Z8ToyBlastPiiiiiS_' cannot be statically determined
     1>CUDACOMPILE : nvcc warning : The 'compute_20', 'sm_20', and 'sm_21' architectures are deprecated, and may be removed in a future release (Use -Wno-deprecated-gpu-targets to suppress warning).
         kernel.cu
     1>D:/Universidad/4º Curso/Segundo cuatrimestre/Ampliación de programación avanzada/Laboratorio/PL1/Block_ToyBlast_BLOQUES/Block_ToyBlast_BLOQUES/kernel.cu(214): warning C4244: 'argumento' : conversión de 'time_t' a 'unsigned int'; posible pérdida de datos
     1>D:/Universidad/4º Curso/Segundo cuatrimestre/Ampliación de programación avanzada/Laboratorio/PL1/Block_ToyBlast_BLOQUES/Block_ToyBlast_BLOQUES/kernel.cu(217): warning C4018: '<' : no coinciden signed/unsigned
     1>D:/Universidad/4º Curso/Segundo cuatrimestre/Ampliación de programación avanzada/Laboratorio/PL1/Block_ToyBlast_BLOQUES/Block_ToyBlast_BLOQUES/kernel.cu(218): warning C4018: '<' : no coinciden signed/unsigned
     1>D:/Universidad/4º Curso/Segundo cuatrimestre/Ampliación de programación avanzada/Laboratorio/PL1/Block_ToyBlast_BLOQUES/Block_ToyBlast_BLOQUES/kernel.cu(224): warning C4018: '<' : no coinciden signed/unsigned
     1>D:/Universidad/4º Curso/Segundo cuatrimestre/Ampliación de programación avanzada/Laboratorio/PL1/Block_ToyBlast_BLOQUES/Block_ToyBlast_BLOQUES/kernel.cu(225): warning C4018: '<' : no coinciden signed/unsigned
     1>D:/Universidad/4º Curso/Segundo cuatrimestre/Ampliación de programación avanzada/Laboratorio/PL1/Block_ToyBlast_BLOQUES/Block_ToyBlast_BLOQUES/kernel.cu(236): warning C4018: '<' : no coinciden signed/unsigned
     1>D:/Universidad/4º Curso/Segundo cuatrimestre/Ampliación de programación avanzada/Laboratorio/PL1/Block_ToyBlast_BLOQUES/Block_ToyBlast_BLOQUES/kernel.cu(251): warning C4018: '<' : no coinciden signed/unsigned
     1>D:/Universidad/4º Curso/Segundo cuatrimestre/Ampliación de programación avanzada/Laboratorio/PL1/Block_ToyBlast_BLOQUES/Block_ToyBlast_BLOQUES/kernel.cu(263): warning C4018: '<' : no coinciden signed/unsigned
     1>D:/Universidad/4º Curso/Segundo cuatrimestre/Ampliación de programación avanzada/Laboratorio/PL1/Block_ToyBlast_BLOQUES/Block_ToyBlast_BLOQUES/kernel.cu(356): warning C4018: '<' : no coinciden signed/unsigned
     1>D:/Universidad/4º Curso/Segundo cuatrimestre/Ampliación de programación avanzada/Laboratorio/PL1/Block_ToyBlast_BLOQUES/Block_ToyBlast_BLOQUES/kernel.cu(357): warning C4018: '<' : no coinciden signed/unsigned
     1>D:/Universidad/4º Curso/Segundo cuatrimestre/Ampliación de programación avanzada/Laboratorio/PL1/Block_ToyBlast_BLOQUES/Block_ToyBlast_BLOQUES/kernel.cu(382): warning C4018: '<' : no coinciden signed/unsigned
     1>D:/Universidad/4º Curso/Segundo cuatrimestre/Ampliación de programación avanzada/Laboratorio/PL1/Block_ToyBlast_BLOQUES/Block_ToyBlast_BLOQUES/kernel.cu(383): warning C4018: '<' : no coinciden signed/unsigned
     1>D:/Universidad/4º Curso/Segundo cuatrimestre/Ampliación de programación avanzada/Laboratorio/PL1/Block_ToyBlast_BLOQUES/Block_ToyBlast_BLOQUES/kernel.cu(427): warning C4018: '<' : no coinciden signed/unsigned
     1>D:/Universidad/4º Curso/Segundo cuatrimestre/Ampliación de programación avanzada/Laboratorio/PL1/Block_ToyBlast_BLOQUES/Block_ToyBlast_BLOQUES/kernel.cu(428): warning C4018: '<' : no coinciden signed/unsigned
     1>D:/Universidad/4º Curso/Segundo cuatrimestre/Ampliación de programación avanzada/Laboratorio/PL1/Block_ToyBlast_BLOQUES/Block_ToyBlast_BLOQUES/kernel.cu(439): warning C4018: '<' : no coinciden signed/unsigned
     1>D:/Universidad/4º Curso/Segundo cuatrimestre/Ampliación de programación avanzada/Laboratorio/PL1/Block_ToyBlast_BLOQUES/Block_ToyBlast_BLOQUES/kernel.cu(440): warning C4018: '<' : no coinciden signed/unsigned
     1>D:/Universidad/4º Curso/Segundo cuatrimestre/Ampliación de programación avanzada/Laboratorio/PL1/Block_ToyBlast_BLOQUES/Block_ToyBlast_BLOQUES/kernel.cu(443): warning C4018: '<' : no coinciden signed/unsigned
     1>D:/Universidad/4º Curso/Segundo cuatrimestre/Ampliación de programación avanzada/Laboratorio/PL1/Block_ToyBlast_BLOQUES/Block_ToyBlast_BLOQUES/kernel.cu(445): warning C4018: '<' : no coinciden signed/unsigned
     1>Compilación del proyecto terminada "D:\Universidad\4º Curso\Segundo cuatrimestre\Ampliación de programación avanzada\Laboratorio\PL1\Block_ToyBlast_BLOQUES\Block_ToyBlast_BLOQUES\Block_ToyBlast_BLOQUES.vcxproj" (CudaBuildCore destinos).
     1>Link:
         C:\Program Files (x86)\Microsoft Visual Studio 12.0\VC\bin\link.exe /ERRORREPORT:PROMPT /OUT:"D:\Universidad\4º Curso\Segundo cuatrimestre\Ampliación de programación avanzada\Laboratorio\PL1\Block_ToyBlast_BLOQUES\Debug\Block_ToyBlast_BLOQUES.exe" /INCREMENTAL /NOLOGO /LIBPATH:"C:\Program Files\NVIDIA GPU Computing Toolkit\CUDA\v8.0\lib\Win32" cudart.lib kernel32.lib user32.lib gdi32.lib winspool.lib comdlg32.lib advapi32.lib shell32.lib ole32.lib oleaut32.lib uuid.lib odbc32.lib odbccp32.lib kernel32.lib user32.lib gdi32.lib winspool.lib comdlg32.lib advapi32.lib shell32.lib ole32.lib oleaut32.lib uuid.lib odbc32.lib odbccp32.lib /MANIFEST /MANIFESTUAC:"level='asInvoker' uiAccess='false'" /manifest:embed /DEBUG /PDB:"D:\Universidad\4º Curso\Segundo cuatrimestre\Ampliación de programación avanzada\Laboratorio\PL1\Block_ToyBlast_BLOQUES\Debug\Block_ToyBlast_BLOQUES.pdb" /SUBSYSTEM:CONSOLE /TLBID:1 /DYNAMICBASE /NXCOMPAT /IMPLIB:"D:\Universidad\4º Curso\Segundo cuatrimestre\Ampliación de programación avanzada\Laboratorio\PL1\Block_ToyBlast_BLOQUES\Debug\Block_ToyBlast_BLOQUES.lib" /MACHINE:X86 Debug\kernel.cu.obj
         Block_ToyBlast_BLOQUES.vcxproj -> D:\Universidad\4º Curso\Segundo cuatrimestre\Ampliación de programación avanzada\Laboratorio\PL1\Block_ToyBlast_BLOQUES\Debug\Block_ToyBlast_BLOQUES.exe
       PostBuildEvent:
         echo copy "C:\Program Files\NVIDIA GPU Computing Toolkit\CUDA\v8.0\bin\cudart*.dll" "D:\Universidad\4º Curso\Segundo cuatrimestre\Ampliación de programación avanzada\Laboratorio\PL1\Block_ToyBlast_BLOQUES\Debug\"
         copy "C:\Program Files\NVIDIA GPU Computing Toolkit\CUDA\v8.0\bin\cudart*.dll" "D:\Universidad\4º Curso\Segundo cuatrimestre\Ampliación de programación avanzada\Laboratorio\PL1\Block_ToyBlast_BLOQUES\Debug\"
         :VCEnd
         copy "C:\Program Files\NVIDIA GPU Computing Toolkit\CUDA\v8.0\bin\cudart*.dll" "D:\Universidad\4º Curso\Segundo cuatrimestre\Ampliación de programación avanzada\Laboratorio\PL1\Block_ToyBlast_BLOQUES\Debug\"
         C:\Program Files\NVIDIA GPU Computing Toolkit\CUDA\v8.0\bin\cudart32_80.dll
         C:\Program Files\NVIDIA GPU Computing Toolkit\CUDA\v8.0\bin\cudart64_80.dll
                 2 archivo(s) copiado(s).
     1>Compilación del proyecto terminada "D:\Universidad\4º Curso\Segundo cuatrimestre\Ampliación de programación avanzada\Laboratorio\PL1\Block_ToyBlast_BLOQUES\Block_ToyBlast_BLOQUES\Block_ToyBlast_BLOQUES.vcxproj" (Build destinos).

Compilación correcta.

Tiempo transcurrido 00:00:17.32
